Arguments: 
  /Users/wsdehl/.fnm/node-versions/v14.17.5/installation/bin/node /var/folders/nl/rk57p_n107q_8070l98c5fnw0000gn/T/fnm_multishells/31479_1632637914572/bin/yarn add -D @types/prosemirror-example-setup

PATH: 
  /var/folders/nl/rk57p_n107q_8070l98c5fnw0000gn/T/fnm_multishells/31479_1632637914572/bin:/Users/wsdehl/.fnm:/opt/homebrew/bin:/usr/local/bin:/usr/bin:/bin:/usr/sbin:/sbin:/var/folders/nl/rk57p_n107q_8070l98c5fnw0000gn/T/fnm_multishells/31179_1632637847805/bin:/Users/wsdehl/.fnm:/opt/homebrew/bin

Yarn version: 
  1.22.11

Node version: 
  14.17.5

Platform: 
  darwin x64

Trace: 
  Error: https://registry.yarnpkg.com/@types%2fprosemirror-example-setup: Not found
      at Request.params.callback [as _callback] (/Users/wsdehl/.fnm/node-versions/v14.17.5/installation/lib/node_modules/yarn/lib/cli.js:66992:18)
      at Request.self.callback (/Users/wsdehl/.fnm/node-versions/v14.17.5/installation/lib/node_modules/yarn/lib/cli.js:140763:22)
      at Request.emit (events.js:400:28)
      at Request.<anonymous> (/Users/wsdehl/.fnm/node-versions/v14.17.5/installation/lib/node_modules/yarn/lib/cli.js:141735:10)
      at Request.emit (events.js:400:28)
      at IncomingMessage.<anonymous> (/Users/wsdehl/.fnm/node-versions/v14.17.5/installation/lib/node_modules/yarn/lib/cli.js:141657:12)
      at Object.onceWrapper (events.js:519:28)
      at IncomingMessage.emit (events.js:412:35)
      at endReadableNT (internal/streams/readable.js:1317:12)
      at processTicksAndRejections (internal/process/task_queues.js:82:21)

npm manifest: 
  {
    "name": "pm-demo",
    "version": "0.0.0",
    "scripts": {
      "dev": "vite",
      "build": "tsc && vite build",
      "serve": "vite preview"
    },
    "devDependencies": {
      "@types/prosemirror-model": "^1.13.2",
      "@types/prosemirror-schema-basic": "^1.0.2",
      "@types/prosemirror-schema-list": "^1.0.3",
      "@types/prosemirror-state": "^1.2.7",
      "@types/prosemirror-view": "^1.19.1",
      "typescript": "^4.3.2",
      "vite": "^2.5.4"
    },
    "dependencies": {
      "prosemirror-example-setup": "^1.1.2",
      "prosemirror-model": "^1.14.3",
      "prosemirror-schema-basic": "^1.1.2",
      "prosemirror-schema-list": "^1.1.6",
      "prosemirror-state": "^1.3.4",
      "prosemirror-view": "^1.20.1"
    }
  }

yarn manifest: 
  No manifest

Lockfile: 
  # THIS IS AN AUTOGENERATED FILE. DO NOT EDIT THIS FILE DIRECTLY.
  # yarn lockfile v1
  
  
  "@types/orderedmap@*":
    version "1.0.0"
    resolved "https://registry.yarnpkg.com/@types/orderedmap/-/orderedmap-1.0.0.tgz#807455a192bba52cbbb4517044bc82bdbfa8c596"
    integrity sha512-dxKo80TqYx3YtBipHwA/SdFmMMyLCnP+5mkEqN0eMjcTBzHkiiX0ES118DsjDBjvD+zeSsSU9jULTZ+frog+Gw==
  
  "@types/prosemirror-model@*", "@types/prosemirror-model@^1.13.2":
    version "1.13.2"
    resolved "https://registry.yarnpkg.com/@types/prosemirror-model/-/prosemirror-model-1.13.2.tgz#2adad3ec478f83204f155d7fb94c9dfde2fc3296"
    integrity sha512-a2rDB0aZ+7aIP7uBqQq1wLb4Hg4qqEvpkCqvhsgT/gG8IWC0peCAZfQ24sgTco0qSJLeDgIbtPeU6mgr869/kg==
    dependencies:
      "@types/orderedmap" "*"
  
  "@types/prosemirror-schema-basic@^1.0.2":
    version "1.0.2"
    resolved "https://registry.yarnpkg.com/@types/prosemirror-schema-basic/-/prosemirror-schema-basic-1.0.2.tgz#d6ba0f9e1dd054a312ff6fbf5b38e10b067c3d66"
    integrity sha512-dzT/6t+dq8/On1be0yarcOIu8wROjhK8QB5wslpLbtTIr5wb0iQv/esJm/KAHcD/PBXR9nSV4TL5AtQmBrcRnw==
    dependencies:
      "@types/prosemirror-model" "*"
  
  "@types/prosemirror-schema-list@^1.0.3":
    version "1.0.3"
    resolved "https://registry.yarnpkg.com/@types/prosemirror-schema-list/-/prosemirror-schema-list-1.0.3.tgz#bdf1893a7915fbdc5c49b3cac9368e96213d70de"
    integrity sha512-uWybOf+M2Ea7rlbs0yLsS4YJYNGXYtn4N+w8HCw3Vvfl6wBAROzlMt0gV/D/VW/7J/LlAjwMezuGe8xi24HzXA==
    dependencies:
      "@types/orderedmap" "*"
      "@types/prosemirror-model" "*"
      "@types/prosemirror-state" "*"
  
  "@types/prosemirror-state@*", "@types/prosemirror-state@^1.2.7":
    version "1.2.7"
    resolved "https://registry.yarnpkg.com/@types/prosemirror-state/-/prosemirror-state-1.2.7.tgz#cd55062e4043a31e3426f47668f1d7038b5d8dfb"
    integrity sha512-clJf5uw3/XQnBJtl2RqYXoLMGBySnLYl43xtDvFfQZKkLnnYcM1SDU8dcz7lWjl2Dm+H98RpLOl44pp7DYT+wA==
    dependencies:
      "@types/prosemirror-model" "*"
      "@types/prosemirror-transform" "*"
      "@types/prosemirror-view" "*"
  
  "@types/prosemirror-transform@*":
    version "1.1.4"
    resolved "https://registry.yarnpkg.com/@types/prosemirror-transform/-/prosemirror-transform-1.1.4.tgz#c3565e81b2ef3ce3254e6927d6f63eb8d7bb20d0"
    integrity sha512-HP1PauvkqSgDquZut8HaLOTUDQ6jja/LAy4OA7tTS1XG7wqRnX3gLUyEj0mD6vFd4y8BPkNddNdOh/BeGHlUjg==
    dependencies:
      "@types/prosemirror-model" "*"
  
  "@types/prosemirror-view@*", "@types/prosemirror-view@^1.19.1":
    version "1.19.1"
    resolved "https://registry.yarnpkg.com/@types/prosemirror-view/-/prosemirror-view-1.19.1.tgz#f12309ef07dfb701d20c2e4d0292d42ba34a081b"
    integrity sha512-fyQ4NVxAdfISWrE2qT8cpZdosXoH/1JuVYMBs9CdaXPbvi/8R2L2tkkcMRM314piKrO8nfYH5OBZKzP2Ax3jtA==
    dependencies:
      "@types/prosemirror-model" "*"
      "@types/prosemirror-state" "*"
      "@types/prosemirror-transform" "*"
  
  crelt@^1.0.0:
    version "1.0.5"
    resolved "https://registry.yarnpkg.com/crelt/-/crelt-1.0.5.tgz#57c0d52af8c859e354bace1883eb2e1eb182bb94"
    integrity sha512-+BO9wPPi+DWTDcNYhr/W90myha8ptzftZT+LwcmUbbok0rcP/fequmFYCw8NMoH7pkAZQzU78b3kYrlua5a9eA==
  
  esbuild@^0.12.17:
    version "0.12.29"
    resolved "https://registry.yarnpkg.com/esbuild/-/esbuild-0.12.29.tgz#be602db7c4dc78944a9dbde0d1ea19d36c1f882d"
    integrity sha512-w/XuoBCSwepyiZtIRsKsetiLDUVGPVw1E/R3VTFSecIy8UR7Cq3SOtwKHJMFoVqqVG36aGkzh4e8BvpO1Fdc7g==
  
  fsevents@~2.3.2:
    version "2.3.2"
    resolved "https://registry.yarnpkg.com/fsevents/-/fsevents-2.3.2.tgz#8a526f78b8fdf4623b709e0b975c52c24c02fd1a"
    integrity sha512-xiqMQR4xAeHTuB9uWm+fFRcIOgKBMiOBP+eXiyT7jsgVCq1bkVygt00oASowB7EdtpOHaaPgKt812P9ab+DDKA==
  
  function-bind@^1.1.1:
    version "1.1.1"
    resolved "https://registry.yarnpkg.com/function-bind/-/function-bind-1.1.1.tgz#a56899d3ea3c9bab874bb9773b7c5ede92f4895d"
    integrity sha512-yIovAzMX49sF8Yl58fSCWJ5svSLuaibPxXQJFLmBObTuCr0Mf1KiPopGM9NiFjiYBCbfaa2Fh6breQ6ANVTI0A==
  
  has@^1.0.3:
    version "1.0.3"
    resolved "https://registry.yarnpkg.com/has/-/has-1.0.3.tgz#722d7cbfc1f6aa8241f16dd814e011e1f41e8796"
    integrity sha512-f2dvO0VU6Oej7RkWJGrehjbzMAjFp5/VKPp5tTpWIV4JHHZK1/BxbFRtf/siA2SWTe09caDmVtYYzWEIbBS4zw==
    dependencies:
      function-bind "^1.1.1"
  
  is-core-module@^2.2.0:
    version "2.6.0"
    resolved "https://registry.yarnpkg.com/is-core-module/-/is-core-module-2.6.0.tgz#d7553b2526fe59b92ba3e40c8df757ec8a709e19"
    integrity sha512-wShG8vs60jKfPWpF2KZRaAtvt3a20OAn7+IJ6hLPECpSABLcKtFKTTI4ZtH5QcBruBHlq+WsdHWyz0BCZW7svQ==
    dependencies:
      has "^1.0.3"
  
  nanocolors@^0.2.2:
    version "0.2.6"
    resolved "https://registry.yarnpkg.com/nanocolors/-/nanocolors-0.2.6.tgz#2e7815d25c04aaa43e54b9f0d6d21060172e5831"
    integrity sha512-lP8hjPSXTQ7qpYl5hFPVTBXGdd7+Rn3oi8GqIPNZP63L09tewRzWYFxAy26B1BYOOYaPWgmVF/BFIhDAHihwUQ==
  
  nanoid@^3.1.25:
    version "3.1.25"
    resolved "https://registry.yarnpkg.com/nanoid/-/nanoid-3.1.25.tgz#09ca32747c0e543f0e1814b7d3793477f9c8e152"
    integrity sha512-rdwtIXaXCLFAQbnfqDRnI6jaRHp9fTcYBjtFKE8eezcZ7LuLjhUaQGNeMXf1HmRoCH32CLz6XwX0TtxEOS/A3Q==
  
  orderedmap@^1.1.0:
    version "1.1.1"
    resolved "https://registry.yarnpkg.com/orderedmap/-/orderedmap-1.1.1.tgz#c618e77611b3b21d0fe3edc92586265e0059c789"
    integrity sha512-3Ux8um0zXbVacKUkcytc0u3HgC0b0bBLT+I60r2J/En72cI0nZffqrA7Xtf2Hqs27j1g82llR5Mhbd0Z1XW4AQ==
  
  path-parse@^1.0.6:
    version "1.0.7"
    resolved "https://registry.yarnpkg.com/path-parse/-/path-parse-1.0.7.tgz#fbc114b60ca42b30d9daf5858e4bd68bbedb6735"
    integrity sha512-LDJzPVEEEPR+y48z93A0Ed0yXb8pAByGWo/k5YYdYgpY2/2EsOsksJrq7lOHxryrVOn1ejG6oAp8ahvOIQD8sw==
  
  postcss@^8.3.6:
    version "8.3.8"
    resolved "https://registry.yarnpkg.com/postcss/-/postcss-8.3.8.tgz#9ebe2a127396b4b4570ae9f7770e7fb83db2bac1"
    integrity sha512-GT5bTjjZnwDifajzczOC+r3FI3Cu+PgPvrsjhQdRqa2kTJ4968/X9CUce9xttIB0xOs5c6xf0TCWZo/y9lF6bA==
    dependencies:
      nanocolors "^0.2.2"
      nanoid "^3.1.25"
      source-map-js "^0.6.2"
  
  prosemirror-commands@^1.0.0:
    version "1.1.10"
    resolved "https://registry.yarnpkg.com/prosemirror-commands/-/prosemirror-commands-1.1.10.tgz#406a6589966e6cd80809cea2d801fb998639b37d"
    integrity sha512-IWyBBXNAd44RM6NnBPljwq+/CM2oYCQJkF+YhKEAZNwzW0uFdGf4qComhjbKZzqFdu6Iub2ZhNsXgwPibA0lCQ==
    dependencies:
      prosemirror-model "^1.0.0"
      prosemirror-state "^1.0.0"
      prosemirror-transform "^1.0.0"
  
  prosemirror-dropcursor@^1.0.0:
    version "1.3.5"
    resolved "https://registry.yarnpkg.com/prosemirror-dropcursor/-/prosemirror-dropcursor-1.3.5.tgz#d2808c17089df0e441ad66016aecc2b6457c8a1f"
    integrity sha512-tNUwcF2lPAkwKBZPZRtbxpwljnODRNZ3eiYloN1DSUqDjMT1nBZm0nejaEMS1TvNQ+3amibUSAiV4hX+jpASFA==
    dependencies:
      prosemirror-state "^1.0.0"
      prosemirror-transform "^1.1.0"
      prosemirror-view "^1.1.0"
  
  prosemirror-example-setup@^1.1.2:
    version "1.1.2"
    resolved "https://registry.yarnpkg.com/prosemirror-example-setup/-/prosemirror-example-setup-1.1.2.tgz#0df63d14a26b174933345814cb6503ad72a4ccdb"
    integrity sha512-MTpIMyqk08jFnzxeRMCinCEMtVSTUtxKgQBGxfCbVe9C6zIOqp9qZZJz5Ojaad1GETySyuj8+OIHHvQsIaaaGQ==
    dependencies:
      prosemirror-commands "^1.0.0"
      prosemirror-dropcursor "^1.0.0"
      prosemirror-gapcursor "^1.0.0"
      prosemirror-history "^1.0.0"
      prosemirror-inputrules "^1.0.0"
      prosemirror-keymap "^1.0.0"
      prosemirror-menu "^1.0.0"
      prosemirror-schema-list "^1.0.0"
      prosemirror-state "^1.0.0"
  
  prosemirror-gapcursor@^1.0.0:
    version "1.2.0"
    resolved "https://registry.yarnpkg.com/prosemirror-gapcursor/-/prosemirror-gapcursor-1.2.0.tgz#28fb60bf3d9baf1f920907d2c3e613137204e8f3"
    integrity sha512-yCLy5+0rVqLir/KcHFathQj4Rf8aRHi80FmEfKtM0JmyzvwdomslLzDZ/pX4oFhFKDgjl/WBBBFNqDyNifWg7g==
    dependencies:
      prosemirror-keymap "^1.0.0"
      prosemirror-model "^1.0.0"
      prosemirror-state "^1.0.0"
      prosemirror-view "^1.0.0"
  
  prosemirror-history@^1.0.0:
    version "1.2.0"
    resolved "https://registry.yarnpkg.com/prosemirror-history/-/prosemirror-history-1.2.0.tgz#04cc4df8d2f7b2a46651a2780de191ada6d465ea"
    integrity sha512-B9v9xtf4fYbKxQwIr+3wtTDNLDZcmMMmGiI3TAPShnUzvo+Rmv1GiUrsQChY1meetHl7rhML2cppF3FTs7f7UQ==
    dependencies:
      prosemirror-state "^1.2.2"
      prosemirror-transform "^1.0.0"
      rope-sequence "^1.3.0"
  
  prosemirror-inputrules@^1.0.0:
    version "1.1.3"
    resolved "https://registry.yarnpkg.com/prosemirror-inputrules/-/prosemirror-inputrules-1.1.3.tgz#93f9199ca02473259c30d7e352e4c14022d54638"
    integrity sha512-ZaHCLyBtvbyIHv0f5p6boQTIJjlD6o2NPZiEaZWT2DA+j591zS29QQEMT4lBqwcLW3qRSf7ZvoKNbf05YrsStw==
    dependencies:
      prosemirror-state "^1.0.0"
      prosemirror-transform "^1.0.0"
  
  prosemirror-keymap@^1.0.0:
    version "1.1.4"
    resolved "https://registry.yarnpkg.com/prosemirror-keymap/-/prosemirror-keymap-1.1.4.tgz#8b481bf8389a5ac40d38dbd67ec3da2c7eac6a6d"
    integrity sha512-Al8cVUOnDFL4gcI5IDlG6xbZ0aOD/i3B17VT+1JbHWDguCgt/lBHVTHUBcKvvbSg6+q/W4Nj1Fu6bwZSca3xjg==
    dependencies:
      prosemirror-state "^1.0.0"
      w3c-keyname "^2.2.0"
  
  prosemirror-menu@^1.0.0:
    version "1.1.4"
    resolved "https://registry.yarnpkg.com/prosemirror-menu/-/prosemirror-menu-1.1.4.tgz#a845ae0e14ce1f92dd39d7f23caa6063265cd98c"
    integrity sha512-2ROsji/X9ciDnVSRvSTqFygI34GEdHfQSsK4zBKjPxSEroeiHHcdRMS1ofNIf2zM0Vpp5/YqfpxynElymQkqzg==
    dependencies:
      crelt "^1.0.0"
      prosemirror-commands "^1.0.0"
      prosemirror-history "^1.0.0"
      prosemirror-state "^1.0.0"
  
  prosemirror-model@^1.0.0, prosemirror-model@^1.14.3, prosemirror-model@^1.2.0:
    version "1.14.3"
    resolved "https://registry.yarnpkg.com/prosemirror-model/-/prosemirror-model-1.14.3.tgz#a9c250d3c4023ddf10ecb41a0a7a130e9741d37e"
    integrity sha512-yzZlBaSxfUPIIP6U5Edh5zKxJPZ5f7bwZRhiCuH3UYkWhj+P3d8swHsbuAMOu/iDatDc5J/Qs5Mb3++mZf+CvQ==
    dependencies:
      orderedmap "^1.1.0"
  
  prosemirror-schema-basic@^1.1.2:
    version "1.1.2"
    resolved "https://registry.yarnpkg.com/prosemirror-schema-basic/-/prosemirror-schema-basic-1.1.2.tgz#4bde5c339c845e0d08ec8fe473064e372ca51ae3"
    integrity sha512-G4q8WflNsR1Q33QAV4MQO0xWrHLOJ+BQcKswGXMy626wlQj6c/1n1v4eC9ns+h2y1r/fJHZEgSZnsNhm9lbrDw==
    dependencies:
      prosemirror-model "^1.2.0"
  
  prosemirror-schema-list@^1.0.0, prosemirror-schema-list@^1.1.6:
    version "1.1.6"
    resolved "https://registry.yarnpkg.com/prosemirror-schema-list/-/prosemirror-schema-list-1.1.6.tgz#c3e13fe2f74750e4a53ff88d798dc0c4ccca6707"
    integrity sha512-aFGEdaCWmJzouZ8DwedmvSsL50JpRkqhQ6tcpThwJONVVmCgI36LJHtoQ4VGZbusMavaBhXXr33zyD2IVsTlkw==
    dependencies:
      prosemirror-model "^1.0.0"
      prosemirror-transform "^1.0.0"
  
  prosemirror-state@^1.0.0, prosemirror-state@^1.2.2, prosemirror-state@^1.3.4:
    version "1.3.4"
    resolved "https://registry.yarnpkg.com/prosemirror-state/-/prosemirror-state-1.3.4.tgz#4c6b52628216e753fc901c6d2bfd84ce109e8952"
    integrity sha512-Xkkrpd1y/TQ6HKzN3agsQIGRcLckUMA9u3j207L04mt8ToRgpGeyhbVv0HI7omDORIBHjR29b7AwlATFFf2GLA==
    dependencies:
      prosemirror-model "^1.0.0"
      prosemirror-transform "^1.0.0"
  
  prosemirror-transform@^1.0.0, prosemirror-transform@^1.1.0:
    version "1.3.2"
    resolved "https://registry.yarnpkg.com/prosemirror-transform/-/prosemirror-transform-1.3.2.tgz#5620ebe7379e6fae4f34ecc881886cb22ce96579"
    integrity sha512-/G6d/u9Mf6Bv3H1XR8VxhpjmUO75LYmnvj+s3ZfZpakU1hnQbsvCEybml1B3f2IWUAAQRFkbO1PnsbFhLZsYsw==
    dependencies:
      prosemirror-model "^1.0.0"
  
  prosemirror-view@^1.0.0, prosemirror-view@^1.1.0, prosemirror-view@^1.20.1:
    version "1.20.1"
    resolved "https://registry.yarnpkg.com/prosemirror-view/-/prosemirror-view-1.20.1.tgz#174ba8ca358c73cc05e9a92a3d252bcf181ea337"
    integrity sha512-djWORhy3a706mUH4A2dgEEV0IPZqQd1tFyz/ZVHJNoqhSgq82FwG6dq7uqHeUB2KdVSNfI2yc3rwfqlC/ll2pA==
    dependencies:
      prosemirror-model "^1.14.3"
      prosemirror-state "^1.0.0"
      prosemirror-transform "^1.1.0"
  
  resolve@^1.20.0:
    version "1.20.0"
    resolved "https://registry.yarnpkg.com/resolve/-/resolve-1.20.0.tgz#629a013fb3f70755d6f0b7935cc1c2c5378b1975"
    integrity sha512-wENBPt4ySzg4ybFQW2TT1zMQucPK95HSh/nq2CFTZVOGut2+pQvSsgtda4d26YrYcr067wjbmzOG8byDPBX63A==
    dependencies:
      is-core-module "^2.2.0"
      path-parse "^1.0.6"
  
  rollup@^2.38.5:
    version "2.57.0"
    resolved "https://registry.yarnpkg.com/rollup/-/rollup-2.57.0.tgz#c1694475eb22e1022477c0f4635fd0ac80713173"
    integrity sha512-bKQIh1rWKofRee6mv8SrF2HdP6pea5QkwBZSMImJysFj39gQuiV8MEPBjXOCpzk3wSYp63M2v2wkWBmFC8O/rg==
    optionalDependencies:
      fsevents "~2.3.2"
  
  rope-sequence@^1.3.0:
    version "1.3.2"
    resolved "https://registry.yarnpkg.com/rope-sequence/-/rope-sequence-1.3.2.tgz#a19e02d72991ca71feb6b5f8a91154e48e3c098b"
    integrity sha512-ku6MFrwEVSVmXLvy3dYph3LAMNS0890K7fabn+0YIRQ2T96T9F4gkFf0vf0WW0JUraNWwGRtInEpH7yO4tbQZg==
  
  source-map-js@^0.6.2:
    version "0.6.2"
    resolved "https://registry.yarnpkg.com/source-map-js/-/source-map-js-0.6.2.tgz#0bb5de631b41cfbda6cfba8bd05a80efdfd2385e"
    integrity sha512-/3GptzWzu0+0MBQFrDKzw/DvvMTUORvgY6k6jd/VS6iCR4RDTKWH6v6WPwQoUO8667uQEf9Oe38DxAYWY5F/Ug==
  
  typescript@^4.3.2:
    version "4.4.3"
    resolved "https://registry.yarnpkg.com/typescript/-/typescript-4.4.3.tgz#bdc5407caa2b109efd4f82fe130656f977a29324"
    integrity sha512-4xfscpisVgqqDfPaJo5vkd+Qd/ItkoagnHpufr+i2QCHBsNYp+G7UAoyFl8aPtx879u38wPV65rZ8qbGZijalA==
  
  vite@^2.5.4:
    version "2.5.10"
    resolved "https://registry.yarnpkg.com/vite/-/vite-2.5.10.tgz#c598e3b5a7e1956ffc52eb3b3420d177fc2ed2a5"
    integrity sha512-0ObiHTi5AHyXdJcvZ67HMsDgVpjT5RehvVKv6+Q0jFZ7zDI28PF5zK9mYz2avxdA+4iJMdwCz6wnGNnn4WX5Gg==
    dependencies:
      esbuild "^0.12.17"
      postcss "^8.3.6"
      resolve "^1.20.0"
      rollup "^2.38.5"
    optionalDependencies:
      fsevents "~2.3.2"
  
  w3c-keyname@^2.2.0:
    version "2.2.4"
    resolved "https://registry.yarnpkg.com/w3c-keyname/-/w3c-keyname-2.2.4.tgz#4ade6916f6290224cdbd1db8ac49eab03d0eef6b"
    integrity sha512-tOhfEwEzFLJzf6d1ZPkYfGj+FWhIpBux9ppoP3rlclw3Z0BZv3N7b7030Z1kYth+6rDuAsXUFr+d0VE6Ed1ikw==
